<?xml version="1.0" encoding="UTF-8"?>
<testng-results ignored="0" total="2" passed="2" failed="0" skipped="0">
  <reporter-output>
  </reporter-output>
  <suite started-at="2022-05-14T19:08:14 CEST" name="TranslationTest" finished-at="2022-05-14T19:08:14 CEST" duration-ms="129">
    <groups>
    </groups>
    <test started-at="2022-05-14T19:08:14 CEST" name="Command line test" finished-at="2022-05-14T19:08:14 CEST" duration-ms="129">
      <class name="TranslationTest">
        <test-method signature="preferenceTest()[pri:0, instance:TranslationTest@25359ed8]" started-at="2022-05-14T19:08:14 CEST" name="preferenceTest" finished-at="2022-05-14T19:08:14 CEST" duration-ms="55" status="PASS">
          <reporter-output>
          </reporter-output>
        </test-method> <!-- preferenceTest -->
        <test-method signature="test()[pri:0, instance:TranslationTest@25359ed8]" started-at="2022-05-14T19:08:14 CEST" name="test" finished-at="2022-05-14T19:08:14 CEST" duration-ms="23" status="PASS">
          <reporter-output>
          </reporter-output>
        </test-method> <!-- test -->
      </class> <!-- TranslationTest -->
    </test> <!-- Command line test -->
  </suite> <!-- TranslationTest -->
</testng-results>
